
> jobportal-frontend@0.0.0 build
> tsc -b && vite build

src/api/auth.api_working.ts(1,23): error TS2307: Cannot find module './client' or its corresponding type declarations.
src/api/auth.api_working.ts(10,8): error TS2307: Cannot find module '@/types' or its corresponding type declarations.
src/api/client_working.ts(2,39): error TS2307: Cannot find module '@/types' or its corresponding type declarations.
src/pages/admin/Grievances.tsx(2,17): error TS2307: Cannot find module '../../api/client' or its corresponding type declarations.
src/pages/candidate/CandidateDashboard.tsx(6,5): error TS6133: 'LayoutDashboard' is declared but its value is never read.
src/pages/candidate/CandidateDashboard.tsx(7,39): error TS6133: 'MapPin' is declared but its value is never read.
src/pages/candidate/CandidateDashboard.tsx(9,1): error TS6133: 'api' is declared but its value is never read.
src/pages/candidate/CandidateDashboard.tsx(14,12): error TS6133: 'stats' is declared but its value is never read.
src/pages/candidate/CandidateDashboard.tsx(14,19): error TS6133: 'setStats' is declared but its value is never read.
src/pages/candidate/MyApplications.tsx(7,5): error TS6133: 'LayoutDashboard' is declared but its value is never read.
src/pages/candidate/MyApplications.tsx(7,22): error TS6133: 'User' is declared but its value is never read.
src/pages/candidate/MyApplications.tsx(9,35): error TS6133: 'Loader2' is declared but its value is never read.
src/pages/candidate/MyApplications.tsx(148,54): error TS2304: Cannot find name 'Building2'.
src/pages/company/CompanyDashboard.tsx(8,16): error TS6133: 'Settings' is declared but its value is never read.
src/pages/company/CompanyDashboard.tsx(229,45): error TS2339: Property 'color' does not exist on type '{ title: string; desc: string; icon: ForwardRefExoticComponent<Omit<LucideProps, "ref"> & RefAttributes<SVGSVGElement>>; link: string; className: string; iconColor: string; descColor: string; }'.
src/pages/company/CompanyProfile.tsx(9,12): error TS6133: 'Mail' is declared but its value is never read.
src/pages/company/JobApplicants.tsx(9,15): error TS6133: 'User' is declared but its value is never read.
src/pages/company/JobApplicants.tsx(9,21): error TS6133: 'Download' is declared but its value is never read.
src/pages/Home.tsx(12,5): error TS6133: 'Star' is declared but its value is never read.
src/pages/jobs/JobDetails.tsx(6,5): error TS6133: 'CheckCircle2' is declared but its value is never read.
src/pages/jobs/JobList.tsx(4,76): error TS6133: 'X' is declared but its value is never read.
src/pages/jobs/MyJobs.tsx(9,5): error TS6133: 'MoreVertical' is declared but its value is never read.
src/pages/jobs/MyJobs.tsx(9,33): error TS6133: 'Eye' is declared but its value is never read.
src/pages/jobs/MyJobs.tsx(9,38): error TS6133: 'Filter' is declared but its value is never read.
src/pages/jobs/MyJobs.tsx(28,12): error TS6133: 'error' is declared but its value is never read.
src/pages/Login_working.tsx(5,25): error TS2307: Cannot find module '@/hooks/useAuth' or its corresponding type declarations.
src/pages/Login_working.tsx(6,19): error TS2307: Cannot find module 'react-hot-toast' or its corresponding type declarations.
