
> jobportal-frontend@0.0.0 build
> tsc -b && vite build

src/pages/company/CompanyProfile.tsx(9,12): error TS6133: 'Mail' is declared but its value is never read.
src/pages/company/JobApplicants.tsx(9,15): error TS6133: 'User' is declared but its value is never read.
src/pages/company/JobApplicants.tsx(9,21): error TS6133: 'Download' is declared but its value is never read.
src/pages/Home.tsx(12,5): error TS6133: 'Star' is declared but its value is never read.
src/pages/jobs/JobDetails.tsx(6,5): error TS6133: 'CheckCircle2' is declared but its value is never read.
src/pages/jobs/JobList.tsx(4,76): error TS6133: 'X' is declared but its value is never read.
